{"level":"error","message":"Error,{\"ok\":false,\"error_code\":404,\"description\":\"Not Found\"}","timestamp":"29/6/2022, 2:38:34 pm"}
{"level":"error","message":"Error,{\"ok\":false,\"error_code\":404,\"description\":\"Not Found\"}","timestamp":"29/6/2022, 2:39:27 pm"}
{"level":"error","message":"Error,{\"ok\":false,\"error_code\":404,\"description\":\"Not Found\"}","timestamp":"29/6/2022, 2:39:42 pm"}
{"level":"error","message":"Error,{\"ok\":false,\"error_code\":404,\"description\":\"Not Found\"}","timestamp":"29/6/2022, 2:41:05 pm"}
{"level":"error","message":"Error,{\"ok\":false,\"error_code\":404,\"description\":\"Not Found\"}","timestamp":"29/6/2022, 2:42:39 pm"}
{"level":"error","message":"Error,{\"ok\":false,\"error_code\":404,\"description\":\"Not Found\"}","timestamp":"29/6/2022, 2:45:19 pm"}
{"level":"error","message":"Error,{\"ok\":false,\"error_code\":404,\"description\":\"Not Found\"}","timestamp":"29/6/2022, 2:50:38 pm"}
{"level":"error","message":"Error,{\"ok\":false,\"error_code\":404,\"description\":\"Not Found\"}","timestamp":"29/6/2022, 2:51:52 pm"}
{"level":"error","message":"Error,{\"ok\":false,\"error_code\":404,\"description\":\"Not Found\"}","timestamp":"29/6/2022, 2:52:48 pm"}
{"level":"error","message":"Error,{\"ok\":false,\"error_code\":404,\"description\":\"Not Found\"}","timestamp":"29/6/2022, 2:52:58 pm"}
{"level":"error","message":"Error,{\"ok\":false,\"error_code\":404,\"description\":\"Not Found\"}","timestamp":"29/6/2022, 2:54:37 pm"}
{"level":"error","message":"Error,{\"ok\":false,\"error_code\":404,\"description\":\"Not Found\"}","timestamp":"29/6/2022, 2:55:26 pm"}
{"level":"error","message":"Error,{\"ok\":false,\"error_code\":404,\"description\":\"Not Found\"}","timestamp":"29/6/2022, 3:00:36 pm"}
{"level":"error","message":"Error,{\"ok\":false,\"error_code\":404,\"description\":\"Not Found\"}","timestamp":"29/6/2022, 3:07:14 pm"}
{"level":"error","message":"Error,{\"ok\":false,\"error_code\":404,\"description\":\"Not Found\"}","timestamp":"29/6/2022, 3:07:52 pm"}
{"level":"error","message":"Error,{\"ok\":false,\"error_code\":404,\"description\":\"Not Found\"}","timestamp":"29/6/2022, 3:09:15 pm"}
{"level":"error","message":"Error,{\"ok\":false,\"error_code\":404,\"description\":\"Not Found\"}","timestamp":"29/6/2022, 3:09:49 pm"}
{"level":"error","message":"Error,{\"ok\":false,\"error_code\":404,\"description\":\"Not Found\"}","timestamp":"29/6/2022, 3:11:51 pm"}
{"level":"error","message":"Error,{\"ok\":false,\"error_code\":404,\"description\":\"Not Found\"}","timestamp":"29/6/2022, 3:12:16 pm"}
{"level":"error","message":"Error,{\"ok\":false,\"error_code\":404,\"description\":\"Not Found\"}","timestamp":"29/6/2022, 3:29:54 pm"}
{"level":"error","message":"Error from Send Message,{\"ok\":false,\"error_code\":404,\"description\":\"Not Found\"}","timestamp":"29/6/2022, 3:30:21 pm"}
{"level":"error","message":"Error from Send Message,{\"ok\":false,\"error_code\":404,\"description\":\"Not Found\"}","timestamp":"29/6/2022, 3:41:31 pm"}
{"level":"error","message":"Error from Send Message,{\"ok\":false,\"error_code\":404,\"description\":\"Not Found\"}","timestamp":"29/6/2022, 3:50:41 pm"}
{"level":"error","message":"Error from Send Message,{\"ok\":false,\"error_code\":404,\"description\":\"Not Found\"}","timestamp":"29/6/2022, 3:55:42 pm"}
{"level":"error","message":"Error from Send Message,{\"ok\":false,\"error_code\":404,\"description\":\"Not Found\"}","timestamp":"29/6/2022, 3:58:42 pm"}
{"level":"error","message":"Error, Oops,something went wrong, Please try again with hi","timestamp":"29/6/2022, 4:06:25 pm"}
{"level":"error","message":"Error, Oops,something went wrong, Please try again with hi","timestamp":"29/6/2022, 4:08:50 pm"}
{"level":"error","message":"Error from Send Message,{\"ok\":false,\"error_code\":404,\"description\":\"Not Found\"}","timestamp":"29/6/2022, 4:13:31 pm"}
{"level":"error","message":"Error from Send Message,{\"ok\":false,\"error_code\":404,\"description\":\"Not Found\"}","timestamp":"29/6/2022, 4:29:21 pm"}
{"level":"error","message":"Error from Send Message,{\"ok\":false,\"error_code\":404,\"description\":\"Not Found\"}","timestamp":"29/6/2022, 4:36:45 pm"}
{"level":"error","message":"Error from Send Message,{\"ok\":false,\"error_code\":404,\"description\":\"Not Found\"}","timestamp":"29/6/2022, 4:37:14 pm"}
{"level":"error","message":"Error from Send Message,{\"ok\":false,\"error_code\":400,\"description\":\"Bad Request: message text is empty\"}","timestamp":"29/6/2022, 4:48:01 pm"}
{"level":"error","message":"Error from Send Message,{\"ok\":false,\"error_code\":400,\"description\":\"Bad Request: message text is empty\"}","timestamp":"29/6/2022, 4:48:29 pm"}
{"level":"error","message":"Error from Send Message,{\"ok\":false,\"error_code\":400,\"description\":\"Bad Request: message text is empty\"}","timestamp":"29/6/2022, 4:49:54 pm"}
{"level":"error","message":"Error from Send Message,{\"ok\":false,\"error_code\":400,\"description\":\"Bad Request: message text is empty\"}","timestamp":"29/6/2022, 4:52:24 pm"}
{"level":"error","message":"Error from Send Message,{\"ok\":false,\"error_code\":400,\"description\":\"Bad Request: can't parse inline keyboard button: Text buttons are unallowed in the inline keyboard\"}","timestamp":"29/6/2022, 5:58:43 pm"}
{"level":"error","message":"Error from Send Message,{\"ok\":false,\"error_code\":400,\"description\":\"Bad Request: inline keyboard button URL 'https: //t.me/AirdropDetective' is invalid: Wrong port number specified in the URL\"}","timestamp":"29/6/2022, 7:08:55 pm"}
{"level":"error","message":"Error, Oops,something went wrong, Please try again with hi","timestamp":"30/6/2022, 12:34:53 pm"}
{"level":"error","message":"Error from Send Message with inline keyboard,{\"ok\":false,\"error_code\":400,\"description\":\"Bad Request: invalid user_id specified\"}","timestamp":"30/6/2022, 2:29:17 pm"}
{"level":"error","message":"Error,Oops,something went wrong, Please try again with hi","timestamp":"30/6/2022, 2:54:25 pm"}
{"level":"error","message":"Error,Oops,something went wrong, Please try again with hi","timestamp":"30/6/2022, 2:54:56 pm"}
{"level":"error","message":"Error,Oops,something went wrong, Please try again with hi","timestamp":"30/6/2022, 2:55:45 pm"}
{"level":"error","message":"Error,Oops,something went wrong, Please try again with hi","timestamp":"30/6/2022, 2:56:17 pm"}
{"level":"error","message":"Error,Oops,something went wrong, Please try again with hi","timestamp":"30/6/2022, 2:56:52 pm"}
{"level":"error","message":"Error,Oops,something went wrong, Please try again with hi","timestamp":"30/6/2022, 2:59:21 pm"}
{"level":"error","message":"Error,Oops,something went wrong, Please try again with hi","timestamp":"30/6/2022, 2:59:53 pm"}
{"level":"error","message":"Error,Oops,something went wrong, Please try again with hi","timestamp":"30/6/2022, 3:01:50 pm"}
{"level":"error","message":"Error,Oops,something went wrong, Please try again with hi","timestamp":"30/6/2022, 3:03:15 pm"}
{"level":"error","message":"Error from check channel member status,{\"ok\":false,\"error_code\":400,\"description\":\"Bad Request: invalid user_id specified\"}","timestamp":"30/6/2022, 3:13:36 pm"}
{"level":"error","message":"Error from Send Message,{\"ok\":false,\"error_code\":400,\"description\":\"Bad Request: chat_id is empty\"}","timestamp":"30/6/2022, 3:13:36 pm"}
{"level":"error","message":"Error from Send Message,{\"ok\":false,\"error_code\":400,\"description\":\"Bad Request: chat_id is empty\"}","timestamp":"30/6/2022, 3:15:00 pm"}
{"level":"error","message":"Error from Send Message,{\"ok\":false,\"error_code\":400,\"description\":\"Bad Request: chat_id is empty\"}","timestamp":"30/6/2022, 3:15:58 pm"}
{"level":"error","message":"Error from handle Callback query,Oops,something went wrong, Please try again with hi","timestamp":"30/6/2022, 3:17:36 pm"}
{"level":"error","message":"Error from handle Callback query,Oops,something went wrong, Please try again with hi","timestamp":"30/6/2022, 3:18:37 pm"}
{"level":"error","message":"Error from handle Callback query,Oops,something went wrong, Please try again with hi","timestamp":"30/6/2022, 3:19:29 pm"}
{"level":"error","message":"Error from handle Callback query,Oops,something went wrong, Please try again with hi","timestamp":"30/6/2022, 3:21:09 pm"}
{"level":"error","message":"Error from handle Callback query,Oops,something went wrong, Please try again with hi","timestamp":"30/6/2022, 3:27:10 pm"}
{"level":"error","message":"Error from handle Callback query,Oops,something went wrong, Please try again with hi","timestamp":"30/6/2022, 3:28:04 pm"}
{"level":"error","message":"Error from handle Callback query,Oops,something went wrong, Please try again with hi","timestamp":"30/6/2022, 3:28:58 pm"}
{"level":"error","message":"Error from handle Callback query,Oops,something went wrong, Please try again with hi","timestamp":"30/6/2022, 3:30:13 pm"}
{"level":"error","message":"Error from handle Callback query,Oops,something went wrong, Please try again with hi","timestamp":"30/6/2022, 3:31:01 pm"}
{"level":"error","message":"Error, Oops,something went wrong, Please try again with /start command","timestamp":"30/6/2022, 4:30:08 pm"}
{"level":"error","message":"Error,  Oops,something went wrong, Please try again with /start command","timestamp":"30/6/2022, 5:10:32 pm"}
{"level":"error","message":"Error,  Oops,something went wrong, Please try again with /start command","timestamp":"30/6/2022, 5:10:40 pm"}
{"level":"error","message":"Error,  Oops,something went wrong, Please try again with /start command","timestamp":"30/6/2022, 5:11:07 pm"}
{"level":"error","message":"Error,  Oops,something went wrong, Please try again with /start command","timestamp":"30/6/2022, 5:11:31 pm"}
{"level":"error","message":"Error,  Oops,something went wrong, Please try again with /start command","timestamp":"30/6/2022, 5:12:04 pm"}
{"level":"error","message":"Error from start handler, Oops,something went wrong, Please try again with /start command","timestamp":"30/6/2022, 5:19:58 pm"}
{"level":"error","message":"Error from start handler, Oops,something went wrong, Please try again with /start command","timestamp":"30/6/2022, 5:20:39 pm"}
{"level":"error","message":"Error from start handler, Oops,something went wrong, Please try again with /start command","timestamp":"30/6/2022, 5:21:48 pm"}
{"level":"error","message":"Error from answer handler , Oops,something went wrong, Please try again with /start command","timestamp":"30/6/2022, 5:24:13 pm"}
{"level":"error","message":"Error from start handler, Oops,something went wrong, Please try again with /start command","timestamp":"30/6/2022, 6:14:19 pm"}
{"level":"error","message":"Error from start handler, Oops,something went wrong, Please try again with /start command","timestamp":"30/6/2022, 6:15:35 pm"}
{"level":"error","message":"Error from start handler, Oops,something went wrong, Please try again with /start command","timestamp":"30/6/2022, 6:15:37 pm"}
{"level":"error","message":"Error from answer handler , Oops,something went wrong, Please try again with /start command","timestamp":"30/6/2022, 6:16:54 pm"}
{"level":"error","message":"Error from answer handler , Oops,something went wrong, Please try again with /start command","timestamp":"30/6/2022, 6:20:58 pm"}
{"level":"error","message":"Error from answer handler , Oops,something went wrong, Please try again with /start command","timestamp":"30/6/2022, 6:21:38 pm"}
{"level":"error","message":"Error from start handler, Oops,something went wrong, Please try again with /start command","timestamp":"30/6/2022, 6:27:09 pm"}
{"level":"error","message":"Error from start handler, Oops,something went wrong, Please try again with /start command","timestamp":"30/6/2022, 6:30:33 pm"}
{"level":"error","message":"Error from start handler, Oops,something went wrong, Please try again with /start command","timestamp":"1/7/2022, 12:20:01 pm"}
{"level":"error","message":"Error from answer handler , Oops,something went wrong, Please try again with /start command","timestamp":"1/7/2022, 1:16:49 pm"}
{"level":"error","message":"Error from answer handler , Oops,something went wrong, Please try again with /start command","timestamp":"1/7/2022, 2:50:37 pm"}
{"level":"error","message":"Error from answer handler , Oops,something went wrong, Please try again with /start command","timestamp":"1/7/2022, 2:51:23 pm"}
{"level":"error","message":"Error from start handler, Oops,something went wrong, Please try again with /start command","timestamp":"1/7/2022, 3:07:32 pm"}
{"level":"error","message":"Error from start handler, Oops,something went wrong, Please try again with /start command","timestamp":"1/7/2022, 3:09:11 pm"}
{"level":"error","message":"Error from start handler, Oops,something went wrong, Please try again with /start command","timestamp":"1/7/2022, 3:17:22 pm"}
{"level":"error","message":"Error from start handler, Oops,something went wrong, Please try again with /start command","timestamp":"1/7/2022, 3:18:06 pm"}
{"level":"error","message":"Error from answer handler , Oops,something went wrong, Please try again with /start command","timestamp":"1/7/2022, 3:19:59 pm"}
{"level":"error","message":"Error from reddit handler, Oops,something went wrong, Please try again with /start command","timestamp":"1/7/2022, 4:48:13 pm"}
{"level":"error","message":"Error from reddit handler, Oops,something went wrong, Please try again with /start command","timestamp":"1/7/2022, 4:49:02 pm"}
{"level":"error","message":"Error from reddit handler, Oops,something went wrong, Please try again with /start command","timestamp":"1/7/2022, 4:51:19 pm"}
{"level":"error","message":"Error from discord handler, Oops,something went wrong, Please try again with /start command","timestamp":"1/7/2022, 4:59:40 pm"}
{"level":"error","message":"Error from discord handler, Oops,something went wrong, Please try again with /start command","timestamp":"1/7/2022, 5:01:25 pm"}
{"level":"error","message":"Error from discord handler, Oops,something went wrong, Please try again with /start command","timestamp":"1/7/2022, 5:04:29 pm"}
{"level":"error","message":"Error,Oops,something went wrong, Please try again with /start command","timestamp":"1/7/2022, 6:41:29 pm"}
{"level":"error","message":"Error from handle text message,Oops,something went wrong, Please try again with /start command","timestamp":"1/7/2022, 6:47:50 pm"}
{"level":"error","message":"Error from instagram handler, Oops,something went wrong, Please try again with /start command","timestamp":"1/7/2022, 10:09:08 pm"}
{"level":"error","message":"Error from discord handler, Oops,something went wrong, Please try again with /start command","timestamp":"2/7/2022, 1:00:26 pm"}
{"level":"error","message":"Error from handle Callback query,Oops,something went wrong, Please try again with /start command","timestamp":"2/7/2022, 1:01:31 pm"}
{"level":"error","message":"Error from instagram handler, Oops,something went wrong, Please try again with /start command","timestamp":"2/7/2022, 1:14:10 pm"}
{"level":"error","message":"Error from Send Message,{\"ok\":false,\"error_code\":400,\"description\":\"Bad Request: can't parse entities: Character '+' is reserved and must be escaped with the preceding '\\\\'\"}","timestamp":"2/7/2022, 5:23:59 pm"}
{"level":"error","message":"Error from Send Message,{\"ok\":false,\"error_code\":400,\"description\":\"Bad Request: can't parse entities: Character '+' is reserved and must be escaped with the preceding '\\\\'\"}","timestamp":"2/7/2022, 5:25:58 pm"}
{"level":"error","message":"Error from Send Message,{\"ok\":false,\"error_code\":400,\"description\":\"Bad Request: can't parse entities: Character '+' is reserved and must be escaped with the preceding '\\\\'\"}","timestamp":"2/7/2022, 5:26:34 pm"}
{"level":"error","message":"Error from Send Message,{\"ok\":false,\"error_code\":400,\"description\":\"Bad Request: can't parse entities: Character '=' is reserved and must be escaped with the preceding '\\\\'\"}","timestamp":"2/7/2022, 5:26:53 pm"}
{"level":"error","message":"Error from Send Message,{\"ok\":false,\"error_code\":400,\"description\":\"Bad Request: can't parse entities: Character '+' is reserved and must be escaped with the preceding '\\\\'\"}","timestamp":"2/7/2022, 5:38:13 pm"}
{"level":"error","message":"Error from Send Message,{\"ok\":false,\"error_code\":400,\"description\":\"Bad Request: can't parse entities: Character '+' is reserved and must be escaped with the preceding '\\\\'\"}","timestamp":"2/7/2022, 5:39:06 pm"}
{"level":"error","message":"Error from Send Message,{\"ok\":false,\"error_code\":400,\"description\":\"Bad Request: can't parse entities: Character '+' is reserved and must be escaped with the preceding '\\\\'\"}","timestamp":"2/7/2022, 5:39:25 pm"}
{"level":"error","message":"Error from Send Message,{\"ok\":false,\"error_code\":400,\"description\":\"Bad Request: can't parse entities: Character '+' is reserved and must be escaped with the preceding '\\\\'\"}","timestamp":"2/7/2022, 5:39:42 pm"}
